<?xml version="1.0" encoding="utf-8" standalone="no"?>
<!--This file represents the results of running a test suite-->
<test-results name="/Users/seth/Projects/Mono/DataSetExtension/DataSetExtension.Tests/bin/Debug/DataSetExtension.Tests.dll" total="45" errors="0" failures="0" not-run="0" inconclusive="0" ignored="0" skipped="0" invalid="0" date="2014-11-18" time="14:02:40">
  <environment nunit-version="2.6.3.13283" clr-version="2.0.50727.1433" os-version="Unix 14.0.0.0" platform="Unix" cwd="/Users/seth/Projects/Mono/DataSetExtension" machine-name="vega" user="seth" user-domain="vega" />
  <culture-info current-culture="en-US" current-uiculture="en-US" />
  <test-suite type="Assembly" name="/Users/seth/Projects/Mono/DataSetExtension/DataSetExtension.Tests/bin/Debug/DataSetExtension.Tests.dll" executed="True" result="Success" success="True" time="1.943" asserts="0">
    <results>
      <test-suite type="Namespace" name="DataSetExtension" executed="True" result="Success" success="True" time="1.937" asserts="0">
        <results>
          <test-suite type="Namespace" name="Tests" executed="True" result="Success" success="True" time="1.937" asserts="0">
            <results>
              <test-suite type="TestFixture" name="CanadaMeasurementTest" executed="True" result="Success" success="True" time="0.030" asserts="0">
                <results>
                  <test-case name="DataSetExtension.Tests.CanadaMeasurementTest.Parse" executed="True" result="Success" success="True" time="0.026" asserts="14" />
                </results>
              </test-suite>
              <test-suite type="TestFixture" name="CanadaStationTest" executed="True" result="Success" success="True" time="0.004" asserts="0">
                <results>
                  <test-case name="DataSetExtension.Tests.CanadaStationTest.Parse" executed="True" result="Success" success="True" time="0.004" asserts="5" />
                </results>
              </test-suite>
              <test-suite type="Namespace" name="Database" executed="True" result="Success" success="True" time="0.082" asserts="0">
                <results>
                  <test-suite type="TestFixture" name="ApplicationDatabaseTest" executed="True" result="Success" success="True" time="0.043" asserts="0">
                    <results>
                      <test-case name="DataSetExtension.Tests.Database.ApplicationDatabaseTest.Compact" executed="True" result="Success" success="True" time="0.042" asserts="0" />
                    </results>
                  </test-suite>
                  <test-suite type="TestFixture" name="GridStationDatabaseTest" executed="True" result="Success" success="True" time="0.023" asserts="0">
                    <results>
                      <test-case name="DataSetExtension.Tests.Database.GridStationDatabaseTest.CreateDatabase" executed="True" result="Success" success="True" time="0.020" asserts="0" />
                      <test-case name="DataSetExtension.Tests.Database.GridStationDatabaseTest.UpdateIndex" executed="True" result="Success" success="True" time="0.001" asserts="0" />
                    </results>
                  </test-suite>
                  <test-suite type="TestFixture" name="MeasurementDatabaseTest" executed="True" result="Success" success="True" time="0.007" asserts="0">
                    <results>
                      <test-case name="DataSetExtension.Tests.Database.MeasurementDatabaseTest.CreateDatabase" executed="True" result="Success" success="True" time="0.004" asserts="0" />
                      <test-case name="DataSetExtension.Tests.Database.MeasurementDatabaseTest.UpdateIndex" executed="True" result="Success" success="True" time="0.002" asserts="0" />
                    </results>
                  </test-suite>
                  <test-suite type="TestFixture" name="StationDatabaseTest" executed="True" result="Success" success="True" time="0.004" asserts="0">
                    <results>
                      <test-case name="DataSetExtension.Tests.Database.StationDatabaseTest.CreateSchema" executed="True" result="Success" success="True" time="0.002" asserts="0" />
                      <test-case name="DataSetExtension.Tests.Database.StationDatabaseTest.UpdateIndex" executed="True" result="Success" success="True" time="0.001" asserts="0" />
                    </results>
                  </test-suite>
                </results>
              </test-suite>
              <test-suite type="TestFixture" name="ExportControllerTest" executed="True" result="Success" success="True" time="1.584" asserts="0">
                <results>
                  <test-case name="DataSetExtension.Tests.ExportControllerTest.ExportPrecipitation" executed="True" result="Success" success="True" time="0.651" asserts="6" />
                  <test-case name="DataSetExtension.Tests.ExportControllerTest.ExportTemperatureMax" executed="True" result="Success" success="True" time="0.459" asserts="4" />
                  <test-case name="DataSetExtension.Tests.ExportControllerTest.ExportTemperatureMin" executed="True" result="Success" success="True" time="0.472" asserts="4" />
                </results>
              </test-suite>
              <test-suite type="TestFixture" name="GridStationExportTest" executed="True" result="Success" success="True" time="0.085" asserts="0">
                <results>
                  <test-case name="DataSetExtension.Tests.GridStationExportTest.ExportPrecipitation" executed="True" result="Success" success="True" time="0.031" asserts="1" />
                  <test-case name="DataSetExtension.Tests.GridStationExportTest.ExportTemperatureMax" executed="True" result="Success" success="True" time="0.024" asserts="4" />
                  <test-case name="DataSetExtension.Tests.GridStationExportTest.ExportTemperatureMin" executed="True" result="Success" success="True" time="0.027" asserts="1" />
                </results>
              </test-suite>
              <test-suite type="TestFixture" name="GridStationTest" executed="True" result="Success" success="True" time="0.011" asserts="0">
                <results>
                  <test-case name="DataSetExtension.Tests.GridStationTest.Parse" executed="True" result="Success" success="True" time="0.001" asserts="18" />
                  <test-case name="DataSetExtension.Tests.GridStationTest.ParseWithParent" executed="True" result="Success" success="True" time="0.001" asserts="9" />
                  <test-case name="DataSetExtension.Tests.GridStationTest.Save" executed="True" result="Success" success="True" time="0.003" asserts="2" />
                  <test-case name="DataSetExtension.Tests.GridStationTest.SaveExisting" executed="True" result="Success" success="True" time="0.003" asserts="3" />
                </results>
              </test-suite>
              <test-suite type="TestFixture" name="GridSummaryWriterTest" executed="True" result="Success" success="True" time="0.003" asserts="0">
                <results>
                  <test-case name="DataSetExtension.Tests.GridSummaryWriterTest.WriteTest" executed="True" result="Success" success="True" time="0.003" asserts="10" />
                </results>
              </test-suite>
              <test-suite type="Namespace" name="Import" executed="True" result="Success" success="True" time="0.055" asserts="0">
                <results>
                  <test-suite type="TestFixture" name="CanadaImportTest" executed="True" result="Success" success="True" time="0.018" asserts="0">
                    <results>
                      <test-case name="DataSetExtension.Tests.Import.CanadaImportTest.Import" executed="True" result="Success" success="True" time="0.018" asserts="6" />
                    </results>
                  </test-suite>
                  <test-suite type="TestFixture" name="CanadaStationImportTest" executed="True" result="Success" success="True" time="0.007" asserts="0">
                    <results>
                      <test-case name="DataSetExtension.Tests.Import.CanadaStationImportTest.Import" executed="True" result="Success" success="True" time="0.006" asserts="2" />
                    </results>
                  </test-suite>
                  <test-suite type="TestFixture" name="GridStationImportTest" executed="True" result="Success" success="True" time="0.005" asserts="0">
                    <results>
                      <test-case name="DataSetExtension.Tests.Import.GridStationImportTest.Import" executed="True" result="Success" success="True" time="0.005" asserts="2" />
                    </results>
                  </test-suite>
                  <test-suite type="TestFixture" name="StationImportTest" executed="True" result="Success" success="True" time="0.007" asserts="0">
                    <results>
                      <test-case name="DataSetExtension.Tests.Import.StationImportTest.Import" executed="True" result="Success" success="True" time="0.004" asserts="2" />
                      <test-case name="DataSetExtension.Tests.Import.StationImportTest.ImportWithStartYear" executed="True" result="Success" success="True" time="0.002" asserts="2" />
                    </results>
                  </test-suite>
                  <test-suite type="TestFixture" name="Td3200ImportTest" executed="True" result="Success" success="True" time="0.012" asserts="0">
                    <results>
                      <test-case name="DataSetExtension.Tests.Import.Td3200ImportTest.Import" executed="True" result="Success" success="True" time="0.011" asserts="8" />
                    </results>
                  </test-suite>
                </results>
              </test-suite>
              <test-suite type="TestFixture" name="MeasurementLocatorTest" executed="True" result="Success" success="True" time="0.011" asserts="0">
                <results>
                  <test-case name="DataSetExtension.Tests.MeasurementLocatorTest.Find" executed="True" result="Success" success="True" time="0.010" asserts="9" />
                </results>
              </test-suite>
              <test-suite type="TestFixture" name="MeasurementTest" executed="True" result="Success" success="True" time="0.006" asserts="0">
                <results>
                  <test-case name="DataSetExtension.Tests.MeasurementTest.SaveTest" executed="True" result="Success" success="True" time="0.003" asserts="6" />
                  <test-case name="DataSetExtension.Tests.MeasurementTest.SaveWithCommandTest" executed="True" result="Success" success="True" time="0.002" asserts="6" />
                </results>
              </test-suite>
              <test-suite type="TestFixture" name="MeasurementWriterTest" executed="True" result="Success" success="True" time="0.009" asserts="0">
                <results>
                  <test-case name="DataSetExtension.Tests.MeasurementWriterTest.GetUpdatedStations" executed="True" result="Success" success="True" time="0.003" asserts="7" />
                  <test-case name="DataSetExtension.Tests.MeasurementWriterTest.Write" executed="True" result="Success" success="True" time="0.002" asserts="7" />
                  <test-case name="DataSetExtension.Tests.MeasurementWriterTest.WriteMissing" executed="True" result="Success" success="True" time="0.001" asserts="4" />
                </results>
              </test-suite>
              <test-suite type="TestFixture" name="PrecipitationFormatterTest" executed="True" result="Success" success="True" time="0.002" asserts="0">
                <results>
                  <test-case name="DataSetExtension.Tests.PrecipitationFormatterTest.ToStringTest" executed="True" result="Success" success="True" time="0.001" asserts="5" />
                </results>
              </test-suite>
              <test-suite type="TestFixture" name="StationTest" executed="True" result="Success" success="True" time="0.012" asserts="0">
                <results>
                  <test-case name="DataSetExtension.Tests.StationTest.CalculateDistance" executed="True" result="Success" success="True" time="0.001" asserts="1" />
                  <test-case name="DataSetExtension.Tests.StationTest.GetLatitudeDegrees" executed="True" result="Success" success="True" time="0.000" asserts="1" />
                  <test-case name="DataSetExtension.Tests.StationTest.GetLongitudeDegrees" executed="True" result="Success" success="True" time="0.000" asserts="1" />
                  <test-case name="DataSetExtension.Tests.StationTest.Parse" executed="True" result="Success" success="True" time="0.002" asserts="10" />
                  <test-case name="DataSetExtension.Tests.StationTest.Save" executed="True" result="Success" success="True" time="0.003" asserts="1" />
                  <test-case name="DataSetExtension.Tests.StationTest.SaveWithCommand" executed="True" result="Success" success="True" time="0.002" asserts="1" />
                </results>
              </test-suite>
              <test-suite type="TestFixture" name="StationTrackerTest" executed="True" result="Success" success="True" time="0.003" asserts="0">
                <results>
                  <test-case name="DataSetExtension.Tests.StationTrackerTest.Update" executed="True" result="Success" success="True" time="0.001" asserts="4" />
                  <test-case name="DataSetExtension.Tests.StationTrackerTest.Validate" executed="True" result="Success" success="True" time="0.000" asserts="3" />
                </results>
              </test-suite>
              <test-suite type="TestFixture" name="Td3200Test" executed="True" result="Success" success="True" time="0.004" asserts="0">
                <results>
                  <test-case name="DataSetExtension.Tests.Td3200Test.ParsePrecipitation" executed="True" result="Success" success="True" time="0.001" asserts="6" />
                  <test-case name="DataSetExtension.Tests.Td3200Test.ParseTemperatureMax" executed="True" result="Success" success="True" time="0.000" asserts="6" />
                  <test-case name="DataSetExtension.Tests.Td3200Test.ParseTemperatureMin" executed="True" result="Success" success="True" time="0.000" asserts="6" />
                </results>
              </test-suite>
              <test-suite type="TestFixture" name="TemperatureFormatterTest" executed="True" result="Success" success="True" time="0.002" asserts="0">
                <results>
                  <test-case name="DataSetExtension.Tests.TemperatureFormatterTest.ToStringTest" executed="True" result="Success" success="True" time="0.002" asserts="11" />
                </results>
              </test-suite>
            </results>
          </test-suite>
        </results>
      </test-suite>
    </results>
  </test-suite>
</test-results>